#Software: Microsoft Internet Information Services 10.0
#Version: 1.0
#Date: 2021-06-16 13:17:22
#Fields: date time s-ip cs-method cs-uri-stem cs-uri-query s-port cs-username c-ip cs(User-Agent) cs(Referer) sc-status sc-substatus sc-win32-status time-taken
2021-06-16 13:17:22 ::1 GET /Moview/Index - 80 - ::1 Mozilla/5.0+(Windows+NT+10.0;+Win64;+x64)+AppleWebKit/537.36+(KHTML,+like+Gecko)+Chrome/91.0.4472.101+Safari/537.36 - 404 0 2 4544
2021-06-16 13:17:22 ::1 GET /favicon.ico - 80 - ::1 Mozilla/5.0+(Windows+NT+10.0;+Win64;+x64)+AppleWebKit/537.36+(KHTML,+like+Gecko)+Chrome/91.0.4472.101+Safari/537.36 http://localhost/Moview/Index 404 0 2 2
2021-06-16 13:17:39 ::1 GET /moview/index - 80 - ::1 Mozilla/5.0+(Windows+NT+10.0;+Win64;+x64)+AppleWebKit/537.36+(KHTML,+like+Gecko)+Chrome/91.0.4472.101+Safari/537.36 - 404 0 2 1
#Software: Microsoft Internet Information Services 10.0
#Version: 1.0
#Date: 2021-06-16 14:39:17
#Fields: date time s-ip cs-method cs-uri-stem cs-uri-query s-port cs-username c-ip cs(User-Agent) cs(Referer) sc-status sc-substatus sc-win32-status time-taken
2021-06-16 14:39:17 ::1 GET /Moview_app/ - 80 - ::1 Mozilla/5.0+(Windows+NT+10.0;+Win64;+x64)+AppleWebKit/537.36+(KHTML,+like+Gecko)+Chrome/91.0.4472.101+Safari/537.36+Edg/91.0.864.48 - 500 19 13 4401
2021-06-16 14:39:18 ::1 GET /favicon.ico - 80 - ::1 Mozilla/5.0+(Windows+NT+10.0;+Win64;+x64)+AppleWebKit/537.36+(KHTML,+like+Gecko)+Chrome/91.0.4472.101+Safari/537.36+Edg/91.0.864.48 http://localhost/Moview_app/ 404 0 2 8
2021-06-16 14:45:25 ::1 GET /Moview_app.com - 80 - ::1 Mozilla/5.0+(Windows+NT+10.0;+Win64;+x64)+AppleWebKit/537.36+(KHTML,+like+Gecko)+Chrome/91.0.4472.101+Safari/537.36 - 404 0 2 1
2021-06-16 14:45:25 ::1 GET /favicon.ico - 80 - ::1 Mozilla/5.0+(Windows+NT+10.0;+Win64;+x64)+AppleWebKit/537.36+(KHTML,+like+Gecko)+Chrome/91.0.4472.101+Safari/537.36 http://localhost/Moview_app.com 404 0 2 0
2021-06-16 14:51:12 ::1 GET /Moview_app/ - 80 - ::1 Mozilla/5.0+(Windows+NT+10.0;+Win64;+x64)+AppleWebKit/537.36+(KHTML,+like+Gecko)+Chrome/91.0.4472.101+Safari/537.36 - 500 19 13 0
2021-06-16 14:51:12 ::1 GET /favicon.ico - 80 - ::1 Mozilla/5.0+(Windows+NT+10.0;+Win64;+x64)+AppleWebKit/537.36+(KHTML,+like+Gecko)+Chrome/91.0.4472.101+Safari/537.36 http://localhost/Moview_app/ 404 0 2 1
#Software: Microsoft Internet Information Services 10.0
#Version: 1.0
#Date: 2021-06-16 15:13:40
#Fields: date time s-ip cs-method cs-uri-stem cs-uri-query s-port cs-username c-ip cs(User-Agent) cs(Referer) sc-status sc-substatus sc-win32-status time-taken
2021-06-16 15:13:40 ::1 GET /Moview_app.com - 80 - ::1 Mozilla/5.0+(Windows+NT+10.0;+Win64;+x64)+AppleWebKit/537.36+(KHTML,+like+Gecko)+Chrome/91.0.4472.101+Safari/537.36 - 404 0 2 1024
2021-06-16 15:13:40 ::1 GET /favicon.ico - 80 - ::1 Mozilla/5.0+(Windows+NT+10.0;+Win64;+x64)+AppleWebKit/537.36+(KHTML,+like+Gecko)+Chrome/91.0.4472.101+Safari/537.36 http://localhost/Moview_app.com 404 0 2 0
2021-06-16 15:14:33 ::1 GET /Moview_app - 80 - ::1 Mozilla/5.0+(Windows+NT+10.0;+Win64;+x64)+AppleWebKit/537.36+(KHTML,+like+Gecko)+Chrome/91.0.4472.101+Safari/537.36 - 500 19 13 4
2021-06-16 15:14:54 ::1 GET /Moview_app/index - 80 - ::1 Mozilla/5.0+(Windows+NT+10.0;+Win64;+x64)+AppleWebKit/537.36+(KHTML,+like+Gecko)+Chrome/91.0.4472.101+Safari/537.36 - 500 19 13 1
2021-06-16 15:27:54 ::1 GET /Moview_app - 80 - ::1 Mozilla/5.0+(Windows+NT+10.0;+Win64;+x64)+AppleWebKit/537.36+(KHTML,+like+Gecko)+Chrome/91.0.4472.101+Safari/537.36 - 500 19 13 27
2021-06-16 15:27:54 ::1 GET /favicon.ico - 80 - ::1 Mozilla/5.0+(Windows+NT+10.0;+Win64;+x64)+AppleWebKit/537.36+(KHTML,+like+Gecko)+Chrome/91.0.4472.101+Safari/537.36 http://localhost/Moview_app 404 0 2 2
#Software: Microsoft Internet Information Services 10.0
#Version: 1.0
#Date: 2021-06-16 15:44:19
#Fields: date time s-ip cs-method cs-uri-stem cs-uri-query s-port cs-username c-ip cs(User-Agent) cs(Referer) sc-status sc-substatus sc-win32-status time-taken
2021-06-16 15:44:19 ::1 GET /moview_app - 80 - ::1 Mozilla/5.0+(Windows+NT+10.0;+Win64;+x64)+AppleWebKit/537.36+(KHTML,+like+Gecko)+Chrome/91.0.4472.101+Safari/537.36 - 500 19 13 5
2021-06-16 15:44:20 ::1 GET /favicon.ico - 80 - ::1 Mozilla/5.0+(Windows+NT+10.0;+Win64;+x64)+AppleWebKit/537.36+(KHTML,+like+Gecko)+Chrome/91.0.4472.101+Safari/537.36 http://localhost/moview_app 404 0 2 12
#Software: Microsoft Internet Information Services 10.0
#Version: 1.0
#Date: 2021-06-16 16:47:30
#Fields: date time s-ip cs-method cs-uri-stem cs-uri-query s-port cs-username c-ip cs(User-Agent) cs(Referer) sc-status sc-substatus sc-win32-status time-taken
2021-06-16 16:47:30 ::1 GET /Moview_app - 80 - ::1 Mozilla/5.0+(Windows+NT+10.0;+Win64;+x64)+AppleWebKit/537.36+(KHTML,+like+Gecko)+Chrome/91.0.4472.101+Safari/537.36 - 500 0 64 44265
2021-06-16 16:47:59 ::1 GET /moview_app - 80 - ::1 Mozilla/5.0+(Windows+NT+10.0;+Win64;+x64)+AppleWebKit/537.36+(KHTML,+like+Gecko)+Chrome/91.0.4472.101+Safari/537.36 - 500 0 0 14924
2021-06-16 16:47:59 ::1 GET /moview_app/css/site.css - 80 - ::1 Mozilla/5.0+(Windows+NT+10.0;+Win64;+x64)+AppleWebKit/537.36+(KHTML,+like+Gecko)+Chrome/91.0.4472.101+Safari/537.36 http://localhost/moview_app 200 0 0 171
2021-06-16 16:47:59 ::1 GET /moview_app/lib/bootstrap/dist/css/bootstrap.min.css - 80 - ::1 Mozilla/5.0+(Windows+NT+10.0;+Win64;+x64)+AppleWebKit/537.36+(KHTML,+like+Gecko)+Chrome/91.0.4472.101+Safari/537.36 http://localhost/moview_app 200 0 0 458
2021-06-16 16:47:59 ::1 GET /moview_app/js/site.js v=8ZRc1sGeVrPBx4lD717BgRaQekyh78QKV9SKsdt638U 80 - ::1 Mozilla/5.0+(Windows+NT+10.0;+Win64;+x64)+AppleWebKit/537.36+(KHTML,+like+Gecko)+Chrome/91.0.4472.101+Safari/537.36 http://localhost/moview_app 200 0 0 452
2021-06-16 16:48:01 ::1 GET /moview_app/lib/jquery/dist/jquery.min.js - 80 - ::1 Mozilla/5.0+(Windows+NT+10.0;+Win64;+x64)+AppleWebKit/537.36+(KHTML,+like+Gecko)+Chrome/91.0.4472.101+Safari/537.36 http://localhost/moview_app 200 0 0 2019
2021-06-16 16:48:01 ::1 GET /moview_app/lib/bootstrap/dist/js/bootstrap.bundle.min.js - 80 - ::1 Mozilla/5.0+(Windows+NT+10.0;+Win64;+x64)+AppleWebKit/537.36+(KHTML,+like+Gecko)+Chrome/91.0.4472.101+Safari/537.36 http://localhost/moview_app 200 0 0 2026
2021-06-16 16:48:01 ::1 GET /favicon.ico - 80 - ::1 Mozilla/5.0+(Windows+NT+10.0;+Win64;+x64)+AppleWebKit/537.36+(KHTML,+like+Gecko)+Chrome/91.0.4472.101+Safari/537.36 http://localhost/moview_app 404 0 2 34
2021-06-16 16:48:32 ::1 GET /moview_app - 80 - ::1 Mozilla/5.0+(Windows+NT+10.0;+Win64;+x64)+AppleWebKit/537.36+(KHTML,+like+Gecko)+Chrome/91.0.4472.101+Safari/537.36 http://localhost/moview_app 500 0 0 14784
2021-06-16 16:58:02 ::1 GET /moview_app - 80 - ::1 Mozilla/5.0+(Windows+NT+10.0;+Win64;+x64)+AppleWebKit/537.36+(KHTML,+like+Gecko)+Chrome/91.0.4472.101+Safari/537.36 - 500 0 64 28599
2021-06-16 16:58:39 ::1 GET /moview_app - 80 - ::1 Mozilla/5.0+(Windows+NT+10.0;+Win64;+x64)+AppleWebKit/537.36+(KHTML,+like+Gecko)+Chrome/91.0.4472.101+Safari/537.36 - 500 0 0 14897
2021-06-16 16:58:39 ::1 GET /favicon.ico - 80 - ::1 Mozilla/5.0+(Windows+NT+10.0;+Win64;+x64)+AppleWebKit/537.36+(KHTML,+like+Gecko)+Chrome/91.0.4472.101+Safari/537.36 http://localhost/moview_app 404 0 2 40
2021-06-16 17:01:47 ::1 GET /moview_app/Account/Logout - 80 - ::1 Mozilla/5.0+(Windows+NT+10.0;+Win64;+x64)+AppleWebKit/537.36+(KHTML,+like+Gecko)+Chrome/91.0.4472.101+Safari/537.36 http://localhost/moview_app 200 0 0 254
2021-06-16 17:01:49 ::1 POST /moview_app/Account/Logout - 80 - ::1 Mozilla/5.0+(Windows+NT+10.0;+Win64;+x64)+AppleWebKit/537.36+(KHTML,+like+Gecko)+Chrome/91.0.4472.101+Safari/537.36 http://localhost/moview_app/Account/Logout 302 0 0 232
2021-06-16 17:02:03 ::1 GET /moview_app/Index - 80 - ::1 Mozilla/5.0+(Windows+NT+10.0;+Win64;+x64)+AppleWebKit/537.36+(KHTML,+like+Gecko)+Chrome/91.0.4472.101+Safari/537.36 http://localhost/moview_app/Account/Logout 500 0 0 14769
2021-06-16 17:02:20 ::1 GET /moview_app/Account/login - 80 - ::1 Mozilla/5.0+(Windows+NT+10.0;+Win64;+x64)+AppleWebKit/537.36+(KHTML,+like+Gecko)+Chrome/91.0.4472.101+Safari/537.36 - 200 0 0 270
2021-06-16 17:02:42 ::1 GET /moview_app - 80 - ::1 Mozilla/5.0+(Windows+NT+10.0;+Win64;+x64)+AppleWebKit/537.36+(KHTML,+like+Gecko)+Chrome/91.0.4472.101+Safari/537.36 http://localhost/moview_app/Account/login 500 0 0 14717
2021-06-16 17:02:53 ::1 GET /moview_app/newmem - 80 - ::1 Mozilla/5.0+(Windows+NT+10.0;+Win64;+x64)+AppleWebKit/537.36+(KHTML,+like+Gecko)+Chrome/91.0.4472.101+Safari/537.36 - 200 0 0 132
2021-06-16 17:02:53 ::1 GET /moview_app/lib/jquery-validation-unobtrusive/jquery.validate.unobtrusive.min.js - 80 - ::1 Mozilla/5.0+(Windows+NT+10.0;+Win64;+x64)+AppleWebKit/537.36+(KHTML,+like+Gecko)+Chrome/91.0.4472.101+Safari/537.36 http://localhost/moview_app/newmem 200 0 0 145
2021-06-16 17:02:53 ::1 GET /moview_app/lib/jquery-validation/dist/jquery.validate.min.js - 80 - ::1 Mozilla/5.0+(Windows+NT+10.0;+Win64;+x64)+AppleWebKit/537.36+(KHTML,+like+Gecko)+Chrome/91.0.4472.101+Safari/537.36 http://localhost/moview_app/newmem 200 0 0 829
2021-06-16 17:05:14 ::1 GET /moview_app/index - 80 - ::1 Mozilla/5.0+(Windows+NT+10.0;+Win64;+x64)+AppleWebKit/537.36+(KHTML,+like+Gecko)+Chrome/91.0.4472.101+Safari/537.36 - 500 0 0 14778
2021-06-16 17:05:26 ::1 GET /moview_app/assessment - 80 - ::1 Mozilla/5.0+(Windows+NT+10.0;+Win64;+x64)+AppleWebKit/537.36+(KHTML,+like+Gecko)+Chrome/91.0.4472.101+Safari/537.36 - 404 0 0 90
2021-06-16 17:07:09 ::1 GET /moview_app - 80 - ::1 Mozilla/5.0+(Windows+NT+10.0;+Win64;+x64)+AppleWebKit/537.36+(KHTML,+like+Gecko)+Chrome/91.0.4472.101+Safari/537.36 - 500 0 0 6404
2021-06-16 17:07:09 ::1 GET /moview_app/ - 80 - ::1 Mozilla/5.0+(Windows+NT+10.0;+Win64;+x64)+AppleWebKit/537.36+(KHTML,+like+Gecko)+Chrome/91.0.4472.101+Safari/537.36 - 500 0 64 14776
2021-06-16 17:13:03 ::1 GET /moview_app - 80 - ::1 Mozilla/5.0+(Windows+NT+10.0;+Win64;+x64)+AppleWebKit/537.36+(KHTML,+like+Gecko)+Chrome/91.0.4472.101+Safari/537.36 - 500 0 64 20317
2021-06-16 17:14:17 ::1 GET /Moview_app - 80 - ::1 Mozilla/5.0+(Windows+NT+10.0;+Win64;+x64)+AppleWebKit/537.36+(KHTML,+like+Gecko)+Chrome/91.0.4472.101+Safari/537.36 - 500 0 0 14944
2021-06-16 17:14:17 ::1 GET /Moview_app/css/site.css - 80 - ::1 Mozilla/5.0+(Windows+NT+10.0;+Win64;+x64)+AppleWebKit/537.36+(KHTML,+like+Gecko)+Chrome/91.0.4472.101+Safari/537.36 http://localhost/Moview_app 200 0 0 46
2021-06-16 17:14:17 ::1 GET /Moview_app/lib/jquery/dist/jquery.min.js - 80 - ::1 Mozilla/5.0+(Windows+NT+10.0;+Win64;+x64)+AppleWebKit/537.36+(KHTML,+like+Gecko)+Chrome/91.0.4472.101+Safari/537.36 http://localhost/Moview_app 200 0 0 64
2021-06-16 17:14:17 ::1 GET /Moview_app/lib/bootstrap/dist/css/bootstrap.min.css - 80 - ::1 Mozilla/5.0+(Windows+NT+10.0;+Win64;+x64)+AppleWebKit/537.36+(KHTML,+like+Gecko)+Chrome/91.0.4472.101+Safari/537.36 http://localhost/Moview_app 200 0 0 72
2021-06-16 17:14:17 ::1 GET /Moview_app/js/site.js v=8ZRc1sGeVrPBx4lD717BgRaQekyh78QKV9SKsdt638U 80 - ::1 Mozilla/5.0+(Windows+NT+10.0;+Win64;+x64)+AppleWebKit/537.36+(KHTML,+like+Gecko)+Chrome/91.0.4472.101+Safari/537.36 http://localhost/Moview_app 200 0 0 70
2021-06-16 17:14:17 ::1 GET /Moview_app/lib/bootstrap/dist/js/bootstrap.bundle.min.js - 80 - ::1 Mozilla/5.0+(Windows+NT+10.0;+Win64;+x64)+AppleWebKit/537.36+(KHTML,+like+Gecko)+Chrome/91.0.4472.101+Safari/537.36 http://localhost/Moview_app 200 0 0 92
2021-06-16 17:14:17 ::1 GET /favicon.ico - 80 - ::1 Mozilla/5.0+(Windows+NT+10.0;+Win64;+x64)+AppleWebKit/537.36+(KHTML,+like+Gecko)+Chrome/91.0.4472.101+Safari/537.36 http://localhost/Moview_app 404 0 2 10
#Software: Microsoft Internet Information Services 10.0
#Version: 1.0
#Date: 2021-06-16 17:30:55
#Fields: date time s-ip cs-method cs-uri-stem cs-uri-query s-port cs-username c-ip cs(User-Agent) cs(Referer) sc-status sc-substatus sc-win32-status time-taken
2021-06-16 17:30:55 ::1 GET /moview_app - 80 - ::1 Mozilla/5.0+(Windows+NT+10.0;+Win64;+x64)+AppleWebKit/537.36+(KHTML,+like+Gecko)+Chrome/91.0.4472.101+Safari/537.36 - 500 0 64 43115
2021-06-16 17:30:55 ::1 GET /moview_app - 80 - ::1 Mozilla/5.0+(Windows+NT+10.0;+Win64;+x64)+AppleWebKit/537.36+(KHTML,+like+Gecko)+Chrome/91.0.4472.101+Safari/537.36 - 500 0 0 37133
2021-06-16 17:30:55 ::1 GET /favicon.ico - 80 - ::1 Mozilla/5.0+(Windows+NT+10.0;+Win64;+x64)+AppleWebKit/537.36+(KHTML,+like+Gecko)+Chrome/91.0.4472.101+Safari/537.36 http://localhost/moview_app 404 0 2 32
2021-06-16 17:32:30 ::1 GET /moview_app - 80 - ::1 Mozilla/5.0+(Windows+NT+10.0;+Win64;+x64)+AppleWebKit/537.36+(KHTML,+like+Gecko)+Chrome/91.0.4472.101+Safari/537.36 - 500 0 0 14805
2021-06-16 17:32:34 ::1 GET /moview_app - 80 - ::1 Mozilla/5.0+(Windows+NT+10.0;+Win64;+x64)+AppleWebKit/537.36+(KHTML,+like+Gecko)+Chrome/91.0.4472.101+Safari/537.36 - 500 0 0 79
2021-06-16 17:33:14 ::1 GET /moview_app - 80 - ::1 Mozilla/5.0+(Windows+NT+10.0;+Win64;+x64)+AppleWebKit/537.36+(KHTML,+like+Gecko)+Chrome/91.0.4472.101+Safari/537.36 - 500 0 64 14674
2021-06-16 17:33:14 ::1 GET /moview_app - 80 - ::1 Mozilla/5.0+(Windows+NT+10.0;+Win64;+x64)+AppleWebKit/537.36+(KHTML,+like+Gecko)+Chrome/91.0.4472.101+Safari/537.36 - 500 0 0 11093
2021-06-16 17:33:14 ::1 GET /favicon.ico - 80 - ::1 Mozilla/5.0+(Windows+NT+10.0;+Win64;+x64)+AppleWebKit/537.36+(KHTML,+like+Gecko)+Chrome/91.0.4472.101+Safari/537.36 http://localhost/moview_app 404 0 2 1
2021-06-16 17:37:31 ::1 GET /moview_app/Privacy - 80 - ::1 Mozilla/5.0+(Windows+NT+10.0;+Win64;+x64)+AppleWebKit/537.36+(KHTML,+like+Gecko)+Chrome/91.0.4472.101+Safari/537.36 http://localhost/moview_app 200 0 0 21
2021-06-16 17:37:37 ::1 GET /moview_app/Account/Logout - 80 - ::1 Mozilla/5.0+(Windows+NT+10.0;+Win64;+x64)+AppleWebKit/537.36+(KHTML,+like+Gecko)+Chrome/91.0.4472.101+Safari/537.36 http://localhost/moview_app/Privacy 200 0 0 163
2021-06-16 17:37:40 ::1 POST /moview_app/Account/Logout - 80 - ::1 Mozilla/5.0+(Windows+NT+10.0;+Win64;+x64)+AppleWebKit/537.36+(KHTML,+like+Gecko)+Chrome/91.0.4472.101+Safari/537.36 http://localhost/moview_app/Account/Logout 302 0 0 262
2021-06-16 17:37:54 ::1 GET /moview_app/Index - 80 - ::1 Mozilla/5.0+(Windows+NT+10.0;+Win64;+x64)+AppleWebKit/537.36+(KHTML,+like+Gecko)+Chrome/91.0.4472.101+Safari/537.36 http://localhost/moview_app/Account/Logout 500 0 0 14614
